<?xml version="1.0" encoding="UTF-8"?>
<testsuite xmlns:xsi="http://www.w3.org/2001/XMLSchema-instance" xsi:noNamespaceSchemaLocation="https://maven.apache.org/surefire/maven-surefire-plugin/xsd/surefire-test-report.xsd" name="com.demo.AppTest" time="0.026" tests="1" errors="0" skipped="0" failures="0">
  <properties>
    <property name="user.variant" value=""/>
    <property name="java.vm.info" value="mixed mode"/>
    <property name="file.encoding.pkg" value="sun.io"/>
    <property name="file.encoding" value="GBK"/>
    <property name="java.specification.name" value="Java Platform API Specification"/>
    <property name="sun.os.patch.level" value="Service Pack 1"/>
    <property name="user.dir" value="E:\wwl\github-git\demo-maven\quickstart"/>
    <property name="line.separator" value="&#10;"/>
    <property name="java.home" value="E:\work\Dev\java\jdk1.7.0_79\jre"/>
    <property name="user.name" value="wangwenlong"/>
    <property name="sun.boot.library.path" value="E:\work\Dev\java\jdk1.7.0_79\jre\bin"/>
    <property name="user.home" value="C:\Users\wangwenlong"/>
    <property name="localRepository" value="D:\path\to\local\repo"/>
    <property name="sun.java.launcher" value="SUN_STANDARD"/>
    <property name="java.class.version" value="51.0"/>
    <property name="user.language" value="zh"/>
    <property name="java.vendor.url.bug" value="http://bugreport.sun.com/bugreport/"/>
    <property name="sun.jnu.encoding" value="GBK"/>
    <property name="java.io.tmpdir" value="C:\Users\WANGWE~1\AppData\Local\Temp\"/>
    <property name="java.specification.vendor" value="Oracle Corporation"/>
    <property name="file.separator" value="\"/>
    <property name="java.class.path" value="E:\wwl\github-git\demo-maven\quickstart\target\test-classes;E:\wwl\github-git\demo-maven\quickstart\target\classes;D:\path\to\local\repo\junit\junit\4.11\junit-4.11.jar;D:\path\to\local\repo\org\hamcrest\hamcrest-core\1.3\hamcrest-core-1.3.jar;"/>
    <property name="java.vm.vendor" value="Oracle Corporation"/>
    <property name="sun.cpu.endian" value="little"/>
    <property name="java.vm.specification.vendor" value="Oracle Corporation"/>
    <property name="java.specification.version" value="1.7"/>
    <property name="user.script" value=""/>
    <property name="awt.toolkit" value="sun.awt.windows.WToolkit"/>
    <property name="sun.java.command" value="C:\Users\WANGWE~1\AppData\Local\Temp\surefire1557325483638381484\surefirebooter1288073219101593698.jar C:\Users\wangwenlong\AppData\Local\Temp\surefire1557325483638381484 2018-07-17T11-25-34_570-jvmRun1 surefire3746946884568220380tmp surefire_04973495420524111795tmp"/>
    <property name="user.timezone" value=""/>
    <property name="surefire.test.class.path" value="E:\wwl\github-git\demo-maven\quickstart\target\test-classes;E:\wwl\github-git\demo-maven\quickstart\target\classes;D:\path\to\local\repo\junit\junit\4.11\junit-4.11.jar;D:\path\to\local\repo\org\hamcrest\hamcrest-core\1.3\hamcrest-core-1.3.jar;"/>
    <property name="java.runtime.version" value="1.7.0_79-b15"/>
    <property name="java.vendor" value="Oracle Corporation"/>
    <property name="sun.management.compiler" value="HotSpot 64-Bit Tiered Compilers"/>
    <property name="sun.arch.data.model" value="64"/>
    <property name="os.arch" value="amd64"/>
    <property name="sun.io.unicode.encoding" value="UnicodeLittle"/>
    <property name="java.awt.printerjob" value="sun.awt.windows.WPrinterJob"/>
    <property name="path.separator" value=";"/>
    <property name="java.runtime.name" value="Java(TM) SE Runtime Environment"/>
    <property name="java.vendor.url" value="http://java.oracle.com/"/>
    <property name="sun.boot.class.path" value="E:\work\Dev\java\jdk1.7.0_79\jre\lib\resources.jar;E:\work\Dev\java\jdk1.7.0_79\jre\lib\rt.jar;E:\work\Dev\java\jdk1.7.0_79\jre\lib\sunrsasign.jar;E:\work\Dev\java\jdk1.7.0_79\jre\lib\jsse.jar;E:\work\Dev\java\jdk1.7.0_79\jre\lib\jce.jar;E:\work\Dev\java\jdk1.7.0_79\jre\lib\charsets.jar;E:\work\Dev\java\jdk1.7.0_79\jre\lib\jfr.jar;E:\work\Dev\java\jdk1.7.0_79\jre\classes"/>
    <property name="surefire.real.class.path" value="C:\Users\WANGWE~1\AppData\Local\Temp\surefire1557325483638381484\surefirebooter1288073219101593698.jar"/>
    <property name="java.endorsed.dirs" value="E:\work\Dev\java\jdk1.7.0_79\jre\lib\endorsed"/>
    <property name="sun.desktop" value="windows"/>
    <property name="idea.version" value="15.0.2"/>
    <property name="java.vm.version" value="24.79-b02"/>
    <property name="os.name" value="Windows 7"/>
    <property name="java.vm.specification.version" value="1.7"/>
    <property name="sun.cpu.isalist" value="amd64"/>
    <property name="java.version" value="1.7.0_79"/>
    <property name="java.vm.specification.name" value="Java Virtual Machine Specification"/>
    <property name="java.ext.dirs" value="E:\work\Dev\java\jdk1.7.0_79\jre\lib\ext;C:\windows\Sun\Java\lib\ext"/>
    <property name="os.version" value="6.1"/>
    <property name="basedir" value="E:\wwl\github-git\demo-maven\quickstart"/>
    <property name="java.library.path" value="E:\work\Dev\java\jdk1.7.0_79\jre\bin;C:\windows\Sun\Java\bin;C:\windows\system32;C:\windows;C:\windows\system32;C:\windows;C:\windows\System32\Wbem;C:\windows\System32\WindowsPowerShell\v1.0\;D:\Program Files\TortoiseGit\bin;E:\work\Dev\java\jdk1.6.0_14\bin;E:\work\Dev\apache-maven-3.0.3\bin;D:\Program Files (x86)\Git\bin;D:\Program Files (x86)\Git\\libexec\git-core;E:\wwl\XMAPP\xampp7.1\php;D:\Program Files\MongoDB\Server\3.4\bin;D:\Python27;C:\Program Files\nodejs\;D:\Program Files\Git\cmd;C:\Users\wangwenlong\AppData\Local\Programs\Fiddler;C:\Users\wangwenlong\AppData\Roaming\npm;."/>
    <property name="java.awt.graphicsenv" value="sun.awt.Win32GraphicsEnvironment"/>
    <property name="java.vm.name" value="Java HotSpot(TM) 64-Bit Server VM"/>
    <property name="user.country" value="CN"/>
  </properties>
  <testcase name="shouldAnswerWithTrue" classname="com.demo.AppTest" time="0.001"/>
</testsuite>